<?xml version="1.0" encoding="UTF-8"?>
<testng-results ignored="0" total="1" passed="1" failed="0" skipped="0">
  <reporter-output>
  </reporter-output>
  <suite started-at="2022-01-20T12:26:54 IST" name="Default suite" finished-at="2022-01-20T12:27:18 IST" duration-ms="24122">
    <groups>
    </groups>
    <test started-at="2022-01-20T12:26:54 IST" name="Default test" finished-at="2022-01-20T12:27:18 IST" duration-ms="24122">
      <class name="testclass.logintest">
        <test-method is-config="true" signature="openBrowser()[pri:0, instance:testclass.logintest@5d0a1059]" started-at="2022-01-20T12:26:54 IST" name="openBrowser" finished-at="2022-01-20T12:27:08 IST" duration-ms="13954" status="PASS">
          <reporter-output>
          </reporter-output>
        </test-method> <!-- openBrowser -->
        <test-method signature="loginpagetest()[pri:0, instance:testclass.logintest@5d0a1059]" started-at="2022-01-20T12:27:08 IST" name="loginpagetest" finished-at="2022-01-20T12:27:18 IST" duration-ms="9881" status="PASS">
          <reporter-output>
          </reporter-output>
        </test-method> <!-- loginpagetest -->
      </class> <!-- testclass.logintest -->
    </test> <!-- Default test -->
  </suite> <!-- Default suite -->
</testng-results>
